TN:
SF:src\controllers\auth.controller.js
FN:3,loginAdmin
FNF:1
FNH:0
FNDA:0,loginAdmin
DA:4,0
DA:7,0
DA:8,0
DA:11,0
DA:13,0
DA:16,0
DA:20,0
DA:23,0
LF:8
LH:0
BRDA:7,0,0,0
BRDA:7,0,1,0
BRDA:7,1,0,0
BRDA:7,1,1,0
BRF:4
BRH:0
end_of_record
TN:
SF:src\controllers\student.controller.js
FN:9,crearEstudiante
FN:61,obtenerEstudiantes
FN:71,obtenerEstudiante
FN:86,actualizarEstudiante
FN:102,eliminarEstudiante
FNF:5
FNH:5
FNDA:3,crearEstudiante
FNDA:2,obtenerEstudiantes
FNDA:3,obtenerEstudiante
FNDA:3,actualizarEstudiante
FNDA:3,eliminarEstudiante
DA:27,3
DA:29,3
DA:31,3
DA:49,1
DA:52,2
DA:53,2
DA:54,1
DA:56,1
DA:57,1
DA:62,2
DA:63,2
DA:64,1
DA:66,1
DA:67,1
DA:72,3
DA:74,3
DA:75,3
DA:76,2
DA:77,1
DA:79,1
DA:81,1
DA:82,1
DA:87,3
DA:88,3
DA:90,3
DA:91,3
DA:92,2
DA:93,1
DA:95,1
DA:97,1
DA:98,1
DA:103,3
DA:105,3
DA:106,3
DA:107,2
DA:108,1
DA:110,1
DA:112,1
DA:113,1
LF:39
LH:39
BRDA:31,0,0,1
BRDA:31,0,1,2
BRDA:32,1,0,3
BRDA:32,1,1,2
BRDA:32,1,2,2
BRDA:32,1,3,2
BRDA:32,1,4,2
BRDA:32,1,5,2
BRDA:32,1,6,2
BRDA:32,1,7,2
BRDA:32,1,8,2
BRDA:32,1,9,2
BRDA:32,1,10,2
BRDA:32,1,11,2
BRDA:32,1,12,2
BRDA:32,1,13,2
BRDA:32,1,14,2
BRDA:32,1,15,2
BRDA:76,2,0,1
BRDA:76,2,1,1
BRDA:92,3,0,1
BRDA:92,3,1,1
BRDA:107,4,0,1
BRDA:107,4,1,1
BRF:24
BRH:24
end_of_record
TN:
SF:src\controllers\subject.controller.js
FN:4,(anonymous_0)
FN:15,(anonymous_1)
FN:30,(anonymous_2)
FN:38,(anonymous_3)
FN:55,(anonymous_4)
FN:75,(anonymous_5)
FNF:6
FNH:0
FNDA:0,(anonymous_0)
FNDA:0,(anonymous_1)
FNDA:0,(anonymous_2)
FNDA:0,(anonymous_3)
FNDA:0,(anonymous_4)
FNDA:0,(anonymous_5)
DA:4,0
DA:5,0
DA:6,0
DA:7,0
DA:9,0
DA:10,0
DA:15,0
DA:16,0
DA:17,0
DA:18,0
DA:19,0
DA:20,0
DA:22,0
DA:24,0
DA:25,0
DA:30,0
DA:31,0
DA:32,0
DA:33,0
DA:35,0
DA:37,0
DA:38,0
DA:39,0
DA:42,0
DA:43,0
DA:46,0
DA:47,0
DA:50,0
DA:55,0
DA:56,0
DA:57,0
DA:58,0
DA:59,0
DA:60,0
DA:62,0
DA:64,0
DA:66,0
DA:67,0
DA:70,0
DA:75,0
DA:76,0
DA:77,0
DA:78,0
DA:79,0
DA:80,0
DA:82,0
DA:84,0
DA:86,0
DA:87,0
DA:90,0
LF:50
LH:0
BRDA:19,0,0,0
BRDA:19,0,1,0
BRDA:37,1,0,0
BRDA:37,1,1,0
BRDA:42,2,0,0
BRDA:42,2,1,0
BRDA:46,3,0,0
BRDA:46,3,1,0
BRDA:59,4,0,0
BRDA:59,4,1,0
BRDA:66,5,0,0
BRDA:66,5,1,0
BRDA:79,6,0,0
BRDA:79,6,1,0
BRDA:86,7,0,0
BRDA:86,7,1,0
BRF:16
BRH:0
end_of_record
TN:
SF:src\controllers\teacher.controller.js
FN:9,crearDocente
FN:30,obtenerDocentes
FN:39,obtenerDocente
FN:51,actualizarDocente
FN:63,eliminarDocente
FNF:5
FNH:0
FNDA:0,crearDocente
FNDA:0,obtenerDocentes
FNDA:0,obtenerDocente
FNDA:0,actualizarDocente
FNDA:0,eliminarDocente
DA:16,0
DA:18,0
DA:19,0
DA:22,0
DA:23,0
DA:24,0
DA:26,0
DA:31,0
DA:32,0
DA:33,0
DA:35,0
DA:40,0
DA:41,0
DA:42,0
DA:43,0
DA:45,0
DA:47,0
DA:52,0
DA:53,0
DA:54,0
DA:55,0
DA:57,0
DA:59,0
DA:64,0
DA:65,0
DA:66,0
DA:67,0
DA:69,0
DA:71,0
LF:29
LH:0
BRDA:18,0,0,0
BRDA:18,0,1,0
BRDA:18,1,0,0
BRDA:18,1,1,0
BRDA:18,1,2,0
BRDA:18,1,3,0
BRDA:18,1,4,0
BRDA:42,2,0,0
BRDA:42,2,1,0
BRDA:54,3,0,0
BRDA:54,3,1,0
BRDA:66,4,0,0
BRDA:66,4,1,0
BRF:13
BRH:0
end_of_record
TN:
SF:src\models\admin.model.js
FN:19,(anonymous_0)
FN:25,(anonymous_1)
FNF:2
FNH:0
FNDA:0,(anonymous_0)
FNDA:0,(anonymous_1)
DA:5,0
DA:21,0
DA:22,0
DA:27,0
DA:28,0
LF:5
LH:0
BRDA:21,0,0,0
BRDA:21,0,1,0
BRDA:21,1,0,0
BRDA:21,1,1,0
BRDA:27,2,0,0
BRDA:27,2,1,0
BRDA:27,3,0,0
BRDA:27,3,1,0
BRF:8
BRH:0
end_of_record
TN:
SF:src\models\student.model.js
FNF:0
FNH:0
DA:5,1
LF:1
LH:1
BRF:0
BRH:0
end_of_record
TN:
SF:src\models\subject.model.js
FNF:0
FNH:0
DA:4,0
LF:1
LH:0
BRF:0
BRH:0
end_of_record
TN:
SF:src\models\teacher.model.js
FNF:0
FNH:0
DA:4,0
LF:1
LH:0
BRF:0
BRH:0
end_of_record
TN:
SF:src\repository\admin.repository.js
FN:9,(anonymous_0)
FN:22,(anonymous_1)
FN:36,(anonymous_2)
FN:53,(anonymous_3)
FNF:4
FNH:0
FNDA:0,(anonymous_0)
FNDA:0,(anonymous_1)
FNDA:0,(anonymous_2)
FNDA:0,(anonymous_3)
DA:3,0
DA:10,0
DA:11,0
DA:13,0
DA:23,0
DA:24,0
DA:26,0
DA:37,0
DA:38,0
DA:39,0
DA:40,0
DA:42,0
DA:44,0
DA:54,0
DA:55,0
DA:56,0
DA:57,0
DA:59,0
DA:61,0
LF:19
LH:0
BRDA:39,0,0,0
BRDA:39,0,1,0
BRDA:56,1,0,0
BRDA:56,1,1,0
BRF:4
BRH:0
end_of_record
TN:
SF:src\repository\student.repository.js
FN:4,(anonymous_0)
FN:30,(anonymous_1)
FN:36,(anonymous_2)
FN:43,(anonymous_3)
FN:47,(anonymous_4)
FNF:5
FNH:0
FNDA:0,(anonymous_0)
FNDA:0,(anonymous_1)
FNDA:0,(anonymous_2)
FNDA:0,(anonymous_3)
FNDA:0,(anonymous_4)
DA:3,1
DA:5,0
DA:31,0
DA:32,0
DA:33,0
DA:37,0
DA:38,0
DA:39,0
DA:40,0
DA:44,0
DA:48,0
LF:11
LH:1
BRDA:8,0,0,0
BRDA:8,0,1,0
BRDA:10,1,0,0
BRDA:10,1,1,0
BRDA:16,2,0,0
BRDA:16,2,1,0
BRDA:17,3,0,0
BRDA:17,3,1,0
BRDA:26,4,0,0
BRDA:26,4,1,0
BRDA:32,5,0,0
BRDA:32,5,1,0
BRDA:38,6,0,0
BRDA:38,6,1,0
BRF:14
BRH:0
end_of_record
TN:
SF:src\repository\subject.repository.js
FN:4,findAllSubjects
FN:8,findSubjectById
FN:12,createSubject
FN:16,updateSubject
FN:20,deleteSubject
FN:24,findSubjectByCodigo
FNF:6
FNH:0
FNDA:0,findAllSubjects
FNDA:0,findSubjectById
FNDA:0,createSubject
FNDA:0,updateSubject
FNDA:0,deleteSubject
FNDA:0,findSubjectByCodigo
DA:5,0
DA:9,0
DA:13,0
DA:17,0
DA:21,0
DA:25,0
LF:6
LH:0
BRF:0
BRH:0
end_of_record
TN:
SF:src\repository\teacher.repository.js
FN:4,(anonymous_0)
FN:8,(anonymous_1)
FN:12,(anonymous_2)
FN:16,(anonymous_3)
FN:23,(anonymous_4)
FNF:5
FNH:0
FNDA:0,(anonymous_0)
FNDA:0,(anonymous_1)
FNDA:0,(anonymous_2)
FNDA:0,(anonymous_3)
FNDA:0,(anonymous_4)
DA:5,0
DA:9,0
DA:13,0
DA:17,0
DA:18,0
DA:19,0
DA:20,0
DA:24,0
DA:25,0
DA:26,0
DA:27,0
LF:11
LH:0
BRDA:18,0,0,0
BRDA:18,0,1,0
BRDA:25,1,0,0
BRDA:25,1,1,0
BRF:4
BRH:0
end_of_record
TN:
SF:src\services\auth.service.js
FN:6,login
FNF:1
FNH:0
FNDA:0,login
DA:5,0
DA:7,0
DA:9,0
DA:10,0
DA:11,0
DA:15,0
DA:16,0
DA:17,0
DA:21,0
DA:25,0
DA:29,0
DA:30,0
DA:32,0
DA:33,0
DA:35,0
LF:15
LH:0
BRDA:5,0,0,0
BRDA:5,0,1,0
BRDA:10,1,0,0
BRDA:10,1,1,0
BRDA:16,2,0,0
BRDA:16,2,1,0
BRDA:29,3,0,0
BRDA:29,3,1,0
BRDA:32,4,0,0
BRDA:32,4,1,0
BRF:10
BRH:0
end_of_record
TN:
SF:src\services\student.service.js
FN:3,crearEstudianteService
FN:11,actualizarEstudianteService
FN:19,eliminarEstudianteService
FN:27,obtenerEstudiantesService
FN:35,obtenerEstudiantePorIdentificacionService
FNF:5
FNH:0
FNDA:0,crearEstudianteService
FNDA:0,actualizarEstudianteService
FNDA:0,eliminarEstudianteService
FNDA:0,obtenerEstudiantesService
FNDA:0,obtenerEstudiantePorIdentificacionService
DA:4,0
DA:5,0
DA:7,0
DA:12,0
DA:13,0
DA:15,0
DA:20,0
DA:21,0
DA:23,0
DA:28,0
DA:29,0
DA:31,0
DA:36,0
DA:37,0
DA:39,0
LF:15
LH:0
BRF:0
BRH:0
end_of_record
TN:
SF:src\services\subject.service.js
FN:3,getAllSubjects
FN:7,getSubjectById
FN:11,createSubject
FN:15,updateSubjectByCodigo
FN:23,deleteSubjectByCodigo
FN:31,getSubjectByCodigo
FNF:6
FNH:0
FNDA:0,getAllSubjects
FNDA:0,getSubjectById
FNDA:0,createSubject
FNDA:0,updateSubjectByCodigo
FNDA:0,deleteSubjectByCodigo
FNDA:0,getSubjectByCodigo
DA:4,0
DA:8,0
DA:12,0
DA:16,0
DA:17,0
DA:18,0
DA:20,0
DA:24,0
DA:25,0
DA:26,0
DA:28,0
DA:32,0
LF:12
LH:0
BRDA:17,0,0,0
BRDA:17,0,1,0
BRDA:25,1,0,0
BRDA:25,1,1,0
BRF:4
BRH:0
end_of_record
TN:
SF:src\services\teacher.service.js
FN:4,crearDocenteService
FN:8,obtenerDocentesService
FN:12,obtenerDocentePorDocumentoService
FN:16,actualizarDocenteService
FN:20,eliminarDocenteService
FNF:5
FNH:0
FNDA:0,crearDocenteService
FNDA:0,obtenerDocentesService
FNDA:0,obtenerDocentePorDocumentoService
FNDA:0,actualizarDocenteService
FNDA:0,eliminarDocenteService
DA:2,0
DA:5,0
DA:9,0
DA:13,0
DA:17,0
DA:21,0
LF:6
LH:0
BRF:0
BRH:0
end_of_record
