TN:
SF:src\config\db.js
FN:19,testConnection
FNF:1
FNH:1
FNDA:1,testConnection
DA:4,4
DA:6,4
DA:20,1
DA:21,1
DA:22,1
DA:24,0
DA:25,0
LF:7
LH:5
BRF:0
BRH:0
end_of_record
TN:
SF:src\models\admin.model.js
FN:19,(anonymous_0)
FN:25,(anonymous_1)
FNF:2
FNH:2
FNDA:7,(anonymous_0)
FNDA:3,(anonymous_1)
DA:5,1
DA:21,7
DA:22,5
DA:27,3
DA:28,1
LF:5
LH:5
BRDA:21,0,0,5
BRDA:21,0,1,2
BRDA:21,1,0,7
BRDA:21,1,1,7
BRDA:27,2,0,1
BRDA:27,2,1,2
BRDA:27,3,0,3
BRDA:27,3,1,1
BRF:8
BRH:8
end_of_record
TN:
SF:src\models\student.model.js
FNF:0
FNH:0
DA:5,1
LF:1
LH:1
BRF:0
BRH:0
end_of_record
